2021-07-27 13:03:14,314 INFO org.springframework.boot.web.servlet.context.AnnotationConfigServletWebServerApplicationContext [main] Refreshing org.springframework.boot.web.servlet.context.AnnotationConfigServletWebServerApplicationContext@64cd705f: startup date [Tue Jul 27 13:03:14 IST 2021]; root of context hierarchy
2021-07-27 13:03:17,689 INFO org.springframework.boot.web.embedded.tomcat.TomcatWebServer [main] Tomcat initialized with port(s): 8080 (http)
2021-07-27 13:03:17,905 INFO org.springframework.web.context.ContextLoader [localhost-startStop-1] Root WebApplicationContext: initialization completed in 3594 ms
2021-07-27 13:03:18,202 INFO org.springframework.boot.web.servlet.ServletRegistrationBean [localhost-startStop-1] Servlet dispatcherServlet mapped to [/]
2021-07-27 13:03:18,208 INFO org.springframework.boot.web.servlet.FilterRegistrationBean [localhost-startStop-1] Mapping filter: 'characterEncodingFilter' to: [/*]
2021-07-27 13:03:18,208 INFO org.springframework.boot.web.servlet.FilterRegistrationBean [localhost-startStop-1] Mapping filter: 'hiddenHttpMethodFilter' to: [/*]
2021-07-27 13:03:18,208 INFO org.springframework.boot.web.servlet.FilterRegistrationBean [localhost-startStop-1] Mapping filter: 'httpPutFormContentFilter' to: [/*]
2021-07-27 13:03:18,208 INFO org.springframework.boot.web.servlet.FilterRegistrationBean [localhost-startStop-1] Mapping filter: 'requestContextFilter' to: [/*]
2021-07-27 13:03:19,030 INFO org.springframework.web.servlet.mvc.method.annotation.RequestMappingHandlerMapping [main] Mapped "{[/transactions],methods=[DELETE]}" onto public org.springframework.http.ResponseEntity<java.lang.String> com.n26.controller.DeleteTransactionController.deleteTransactions()
2021-07-27 13:03:19,033 INFO org.springframework.web.servlet.mvc.method.annotation.RequestMappingHandlerMapping [main] Mapped "{[/statistics],methods=[GET],produces=[application/json]}" onto public org.springframework.http.ResponseEntity<com.n26.model.Statistics> com.n26.controller.StatisticsController.getStatistics()
2021-07-27 13:03:19,038 INFO org.springframework.web.servlet.mvc.method.annotation.RequestMappingHandlerMapping [main] Mapped "{[/transactions],methods=[POST],consumes=[application/json]}" onto public org.springframework.http.ResponseEntity<org.springframework.http.HttpStatus> com.n26.controller.TransactionController.createTransaction(com.n26.model.Transaction)
2021-07-27 13:03:19,040 INFO org.springframework.web.servlet.mvc.method.annotation.RequestMappingHandlerMapping [main] Mapped "{[/v2/api-docs],methods=[GET],produces=[application/json || application/hal+json]}" onto public org.springframework.http.ResponseEntity<springfox.documentation.spring.web.json.Json> springfox.documentation.swagger2.web.Swagger2Controller.getDocumentation(java.lang.String,javax.servlet.http.HttpServletRequest)
2021-07-27 13:03:19,055 INFO org.springframework.web.servlet.mvc.method.annotation.RequestMappingHandlerMapping [main] Mapped "{[/swagger-resources/configuration/ui]}" onto org.springframework.http.ResponseEntity<springfox.documentation.swagger.web.UiConfiguration> springfox.documentation.swagger.web.ApiResourceController.uiConfiguration()
2021-07-27 13:03:19,057 INFO org.springframework.web.servlet.mvc.method.annotation.RequestMappingHandlerMapping [main] Mapped "{[/swagger-resources/configuration/security]}" onto org.springframework.http.ResponseEntity<springfox.documentation.swagger.web.SecurityConfiguration> springfox.documentation.swagger.web.ApiResourceController.securityConfiguration()
2021-07-27 13:03:19,058 INFO org.springframework.web.servlet.mvc.method.annotation.RequestMappingHandlerMapping [main] Mapped "{[/swagger-resources]}" onto org.springframework.http.ResponseEntity<java.util.List<springfox.documentation.swagger.web.SwaggerResource>> springfox.documentation.swagger.web.ApiResourceController.swaggerResources()
2021-07-27 13:03:19,065 INFO org.springframework.web.servlet.mvc.method.annotation.RequestMappingHandlerMapping [main] Mapped "{[/error]}" onto public org.springframework.http.ResponseEntity<java.util.Map<java.lang.String, java.lang.Object>> org.springframework.boot.autoconfigure.web.servlet.error.BasicErrorController.error(javax.servlet.http.HttpServletRequest)
2021-07-27 13:03:19,066 INFO org.springframework.web.servlet.mvc.method.annotation.RequestMappingHandlerMapping [main] Mapped "{[/error],produces=[text/html]}" onto public org.springframework.web.servlet.ModelAndView org.springframework.boot.autoconfigure.web.servlet.error.BasicErrorController.errorHtml(javax.servlet.http.HttpServletRequest,javax.servlet.http.HttpServletResponse)
2021-07-27 13:03:19,409 INFO org.springframework.web.servlet.handler.SimpleUrlHandlerMapping [main] Mapped URL path [/**/favicon.ico] onto handler of type [class org.springframework.web.servlet.resource.ResourceHttpRequestHandler]
2021-07-27 13:03:19,830 INFO org.springframework.web.servlet.mvc.method.annotation.RequestMappingHandlerAdapter [main] Looking for @ControllerAdvice: org.springframework.boot.web.servlet.context.AnnotationConfigServletWebServerApplicationContext@64cd705f: startup date [Tue Jul 27 13:03:14 IST 2021]; root of context hierarchy
2021-07-27 13:03:19,939 INFO org.springframework.web.servlet.handler.SimpleUrlHandlerMapping [main] Mapped URL path [/webjars/**] onto handler of type [class org.springframework.web.servlet.resource.ResourceHttpRequestHandler]
2021-07-27 13:03:19,940 INFO org.springframework.web.servlet.handler.SimpleUrlHandlerMapping [main] Mapped URL path [/**] onto handler of type [class org.springframework.web.servlet.resource.ResourceHttpRequestHandler]
2021-07-27 13:03:20,223 INFO org.springframework.jmx.export.annotation.AnnotationMBeanExporter [main] Registering beans for JMX exposure on startup
2021-07-27 13:03:20,242 INFO org.springframework.context.support.DefaultLifecycleProcessor [main] Starting beans in phase 2147483647
2021-07-27 13:03:20,731 INFO org.springframework.boot.web.embedded.tomcat.TomcatWebServer [main] Tomcat started on port(s): 8080 (http) with context path ''
2021-07-27 13:08:11,845 INFO org.springframework.boot.web.servlet.context.AnnotationConfigServletWebServerApplicationContext [Thread-3] Closing org.springframework.boot.web.servlet.context.AnnotationConfigServletWebServerApplicationContext@64cd705f: startup date [Tue Jul 27 13:03:14 IST 2021]; root of context hierarchy
2021-07-27 13:08:11,851 INFO org.springframework.context.support.DefaultLifecycleProcessor [Thread-3] Stopping beans in phase 2147483647
2021-07-27 13:08:11,852 INFO org.springframework.jmx.export.annotation.AnnotationMBeanExporter [Thread-3] Unregistering JMX-exposed beans on shutdown
2021-07-27 13:08:21,786 INFO org.springframework.boot.web.servlet.context.AnnotationConfigServletWebServerApplicationContext [main] Refreshing org.springframework.boot.web.servlet.context.AnnotationConfigServletWebServerApplicationContext@64cd705f: startup date [Tue Jul 27 13:08:21 IST 2021]; root of context hierarchy
2021-07-27 13:08:25,684 INFO org.springframework.boot.web.embedded.tomcat.TomcatWebServer [main] Tomcat initialized with port(s): 8080 (http)
2021-07-27 13:08:26,146 INFO org.springframework.web.context.ContextLoader [localhost-startStop-1] Root WebApplicationContext: initialization completed in 4424 ms
2021-07-27 13:08:26,720 INFO org.springframework.boot.web.servlet.ServletRegistrationBean [localhost-startStop-1] Servlet dispatcherServlet mapped to [/]
2021-07-27 13:08:26,726 INFO org.springframework.boot.web.servlet.FilterRegistrationBean [localhost-startStop-1] Mapping filter: 'characterEncodingFilter' to: [/*]
2021-07-27 13:08:26,727 INFO org.springframework.boot.web.servlet.FilterRegistrationBean [localhost-startStop-1] Mapping filter: 'hiddenHttpMethodFilter' to: [/*]
2021-07-27 13:08:26,727 INFO org.springframework.boot.web.servlet.FilterRegistrationBean [localhost-startStop-1] Mapping filter: 'httpPutFormContentFilter' to: [/*]
2021-07-27 13:08:26,727 INFO org.springframework.boot.web.servlet.FilterRegistrationBean [localhost-startStop-1] Mapping filter: 'requestContextFilter' to: [/*]
2021-07-27 13:08:28,593 INFO org.springframework.web.servlet.mvc.method.annotation.RequestMappingHandlerMapping [main] Mapped "{[/transactions],methods=[DELETE]}" onto public org.springframework.http.ResponseEntity<java.lang.String> com.n26.controller.DeleteTransactionController.deleteTransactions()
2021-07-27 13:08:28,611 INFO org.springframework.web.servlet.mvc.method.annotation.RequestMappingHandlerMapping [main] Mapped "{[/statistics],methods=[GET],produces=[application/json]}" onto public org.springframework.http.ResponseEntity<com.n26.model.Statistics> com.n26.controller.StatisticsController.getStatistics()
2021-07-27 13:08:28,624 INFO org.springframework.web.servlet.mvc.method.annotation.RequestMappingHandlerMapping [main] Mapped "{[/transactions],methods=[POST],consumes=[application/json]}" onto public org.springframework.http.ResponseEntity<org.springframework.http.HttpStatus> com.n26.controller.TransactionController.createTransaction(com.n26.model.Transaction)
2021-07-27 13:08:28,665 INFO org.springframework.web.servlet.mvc.method.annotation.RequestMappingHandlerMapping [main] Mapped "{[/v2/api-docs],methods=[GET],produces=[application/json || application/hal+json]}" onto public org.springframework.http.ResponseEntity<springfox.documentation.spring.web.json.Json> springfox.documentation.swagger2.web.Swagger2Controller.getDocumentation(java.lang.String,javax.servlet.http.HttpServletRequest)
2021-07-27 13:08:28,688 INFO org.springframework.web.servlet.mvc.method.annotation.RequestMappingHandlerMapping [main] Mapped "{[/swagger-resources/configuration/security]}" onto org.springframework.http.ResponseEntity<springfox.documentation.swagger.web.SecurityConfiguration> springfox.documentation.swagger.web.ApiResourceController.securityConfiguration()
2021-07-27 13:08:28,690 INFO org.springframework.web.servlet.mvc.method.annotation.RequestMappingHandlerMapping [main] Mapped "{[/swagger-resources/configuration/ui]}" onto org.springframework.http.ResponseEntity<springfox.documentation.swagger.web.UiConfiguration> springfox.documentation.swagger.web.ApiResourceController.uiConfiguration()
2021-07-27 13:08:28,692 INFO org.springframework.web.servlet.mvc.method.annotation.RequestMappingHandlerMapping [main] Mapped "{[/swagger-resources]}" onto org.springframework.http.ResponseEntity<java.util.List<springfox.documentation.swagger.web.SwaggerResource>> springfox.documentation.swagger.web.ApiResourceController.swaggerResources()
2021-07-27 13:08:28,703 INFO org.springframework.web.servlet.mvc.method.annotation.RequestMappingHandlerMapping [main] Mapped "{[/error]}" onto public org.springframework.http.ResponseEntity<java.util.Map<java.lang.String, java.lang.Object>> org.springframework.boot.autoconfigure.web.servlet.error.BasicErrorController.error(javax.servlet.http.HttpServletRequest)
2021-07-27 13:08:28,704 INFO org.springframework.web.servlet.mvc.method.annotation.RequestMappingHandlerMapping [main] Mapped "{[/error],produces=[text/html]}" onto public org.springframework.web.servlet.ModelAndView org.springframework.boot.autoconfigure.web.servlet.error.BasicErrorController.errorHtml(javax.servlet.http.HttpServletRequest,javax.servlet.http.HttpServletResponse)
2021-07-27 13:08:29,345 INFO org.springframework.web.servlet.handler.SimpleUrlHandlerMapping [main] Mapped URL path [/**/favicon.ico] onto handler of type [class org.springframework.web.servlet.resource.ResourceHttpRequestHandler]
2021-07-27 13:08:30,230 INFO org.springframework.web.servlet.mvc.method.annotation.RequestMappingHandlerAdapter [main] Looking for @ControllerAdvice: org.springframework.boot.web.servlet.context.AnnotationConfigServletWebServerApplicationContext@64cd705f: startup date [Tue Jul 27 13:08:21 IST 2021]; root of context hierarchy
2021-07-27 13:08:30,391 INFO org.springframework.web.servlet.handler.SimpleUrlHandlerMapping [main] Mapped URL path [/webjars/**] onto handler of type [class org.springframework.web.servlet.resource.ResourceHttpRequestHandler]
2021-07-27 13:08:30,391 INFO org.springframework.web.servlet.handler.SimpleUrlHandlerMapping [main] Mapped URL path [/**] onto handler of type [class org.springframework.web.servlet.resource.ResourceHttpRequestHandler]
2021-07-27 13:08:30,844 INFO org.springframework.jmx.export.annotation.AnnotationMBeanExporter [main] Registering beans for JMX exposure on startup
2021-07-27 13:08:30,859 INFO org.springframework.context.support.DefaultLifecycleProcessor [main] Starting beans in phase 2147483647
2021-07-27 13:08:31,365 INFO org.springframework.boot.web.embedded.tomcat.TomcatWebServer [main] Tomcat started on port(s): 8080 (http) with context path ''
2021-07-27 13:08:31,786 INFO org.springframework.web.servlet.DispatcherServlet [http-nio-8080-exec-1] FrameworkServlet 'dispatcherServlet': initialization started
2021-07-27 13:08:31,814 INFO org.springframework.web.servlet.DispatcherServlet [http-nio-8080-exec-1] FrameworkServlet 'dispatcherServlet': initialization completed in 28 ms
2021-07-27 13:10:00,590 INFO org.springframework.boot.web.servlet.context.AnnotationConfigServletWebServerApplicationContext [Thread-3] Closing org.springframework.boot.web.servlet.context.AnnotationConfigServletWebServerApplicationContext@64cd705f: startup date [Tue Jul 27 13:08:21 IST 2021]; root of context hierarchy
2021-07-27 13:10:00,600 INFO org.springframework.context.support.DefaultLifecycleProcessor [Thread-3] Stopping beans in phase 2147483647
2021-07-27 13:10:00,602 INFO org.springframework.jmx.export.annotation.AnnotationMBeanExporter [Thread-3] Unregistering JMX-exposed beans on shutdown
2021-07-27 13:10:43,349 INFO org.springframework.boot.web.servlet.context.AnnotationConfigServletWebServerApplicationContext [main] Refreshing org.springframework.boot.web.servlet.context.AnnotationConfigServletWebServerApplicationContext@50b472aa: startup date [Tue Jul 27 13:10:43 IST 2021]; root of context hierarchy
2021-07-27 13:10:45,560 INFO org.springframework.boot.web.embedded.tomcat.TomcatWebServer [main] Tomcat initialized with port(s): 8080 (http)
2021-07-27 13:10:45,833 INFO org.springframework.web.context.ContextLoader [localhost-startStop-1] Root WebApplicationContext: initialization completed in 2487 ms
2021-07-27 13:10:46,149 INFO org.springframework.boot.web.servlet.ServletRegistrationBean [localhost-startStop-1] Servlet dispatcherServlet mapped to [/]
2021-07-27 13:10:46,154 INFO org.springframework.boot.web.servlet.FilterRegistrationBean [localhost-startStop-1] Mapping filter: 'characterEncodingFilter' to: [/*]
2021-07-27 13:10:46,154 INFO org.springframework.boot.web.servlet.FilterRegistrationBean [localhost-startStop-1] Mapping filter: 'hiddenHttpMethodFilter' to: [/*]
2021-07-27 13:10:46,155 INFO org.springframework.boot.web.servlet.FilterRegistrationBean [localhost-startStop-1] Mapping filter: 'httpPutFormContentFilter' to: [/*]
2021-07-27 13:10:46,155 INFO org.springframework.boot.web.servlet.FilterRegistrationBean [localhost-startStop-1] Mapping filter: 'requestContextFilter' to: [/*]
2021-07-27 13:10:47,017 INFO org.springframework.web.servlet.mvc.method.annotation.RequestMappingHandlerMapping [main] Mapped "{[/transactions],methods=[DELETE]}" onto public org.springframework.http.ResponseEntity<java.lang.String> com.n26.controller.DeleteTransactionController.deleteTransactions()
2021-07-27 13:10:47,030 INFO org.springframework.web.servlet.mvc.method.annotation.RequestMappingHandlerMapping [main] Mapped "{[/statistics],methods=[GET],produces=[application/json]}" onto public org.springframework.http.ResponseEntity<com.n26.model.Statistics> com.n26.controller.StatisticsController.getStatistics()
2021-07-27 13:10:47,032 INFO org.springframework.web.servlet.mvc.method.annotation.RequestMappingHandlerMapping [main] Mapped "{[/transactions],methods=[POST],consumes=[application/json]}" onto public org.springframework.http.ResponseEntity<org.springframework.http.HttpStatus> com.n26.controller.TransactionController.createTransaction(com.n26.model.Transaction)
2021-07-27 13:10:47,037 INFO org.springframework.web.servlet.mvc.method.annotation.RequestMappingHandlerMapping [main] Mapped "{[/v2/api-docs],methods=[GET],produces=[application/json || application/hal+json]}" onto public org.springframework.http.ResponseEntity<springfox.documentation.spring.web.json.Json> springfox.documentation.swagger2.web.Swagger2Controller.getDocumentation(java.lang.String,javax.servlet.http.HttpServletRequest)
2021-07-27 13:10:47,047 INFO org.springframework.web.servlet.mvc.method.annotation.RequestMappingHandlerMapping [main] Mapped "{[/swagger-resources/configuration/ui]}" onto org.springframework.http.ResponseEntity<springfox.documentation.swagger.web.UiConfiguration> springfox.documentation.swagger.web.ApiResourceController.uiConfiguration()
2021-07-27 13:10:47,049 INFO org.springframework.web.servlet.mvc.method.annotation.RequestMappingHandlerMapping [main] Mapped "{[/swagger-resources/configuration/security]}" onto org.springframework.http.ResponseEntity<springfox.documentation.swagger.web.SecurityConfiguration> springfox.documentation.swagger.web.ApiResourceController.securityConfiguration()
2021-07-27 13:10:47,050 INFO org.springframework.web.servlet.mvc.method.annotation.RequestMappingHandlerMapping [main] Mapped "{[/swagger-resources]}" onto org.springframework.http.ResponseEntity<java.util.List<springfox.documentation.swagger.web.SwaggerResource>> springfox.documentation.swagger.web.ApiResourceController.swaggerResources()
2021-07-27 13:10:47,058 INFO org.springframework.web.servlet.mvc.method.annotation.RequestMappingHandlerMapping [main] Mapped "{[/error]}" onto public org.springframework.http.ResponseEntity<java.util.Map<java.lang.String, java.lang.Object>> org.springframework.boot.autoconfigure.web.servlet.error.BasicErrorController.error(javax.servlet.http.HttpServletRequest)
2021-07-27 13:10:47,059 INFO org.springframework.web.servlet.mvc.method.annotation.RequestMappingHandlerMapping [main] Mapped "{[/error],produces=[text/html]}" onto public org.springframework.web.servlet.ModelAndView org.springframework.boot.autoconfigure.web.servlet.error.BasicErrorController.errorHtml(javax.servlet.http.HttpServletRequest,javax.servlet.http.HttpServletResponse)
2021-07-27 13:10:47,377 INFO org.springframework.web.servlet.handler.SimpleUrlHandlerMapping [main] Mapped URL path [/**/favicon.ico] onto handler of type [class org.springframework.web.servlet.resource.ResourceHttpRequestHandler]
2021-07-27 13:10:47,802 INFO org.springframework.web.servlet.mvc.method.annotation.RequestMappingHandlerAdapter [main] Looking for @ControllerAdvice: org.springframework.boot.web.servlet.context.AnnotationConfigServletWebServerApplicationContext@50b472aa: startup date [Tue Jul 27 13:10:43 IST 2021]; root of context hierarchy
2021-07-27 13:10:47,913 INFO org.springframework.web.servlet.handler.SimpleUrlHandlerMapping [main] Mapped URL path [/webjars/**] onto handler of type [class org.springframework.web.servlet.resource.ResourceHttpRequestHandler]
2021-07-27 13:10:47,914 INFO org.springframework.web.servlet.handler.SimpleUrlHandlerMapping [main] Mapped URL path [/**] onto handler of type [class org.springframework.web.servlet.resource.ResourceHttpRequestHandler]
2021-07-27 13:10:48,349 INFO org.springframework.jmx.export.annotation.AnnotationMBeanExporter [main] Registering beans for JMX exposure on startup
2021-07-27 13:10:48,366 INFO org.springframework.context.support.DefaultLifecycleProcessor [main] Starting beans in phase 2147483647
2021-07-27 13:10:48,873 INFO org.springframework.boot.web.embedded.tomcat.TomcatWebServer [main] Tomcat started on port(s): 8080 (http) with context path ''
2021-07-27 13:15:29,180 INFO org.springframework.web.servlet.DispatcherServlet [http-nio-8080-exec-1] FrameworkServlet 'dispatcherServlet': initialization started
2021-07-27 13:15:29,233 INFO org.springframework.web.servlet.DispatcherServlet [http-nio-8080-exec-1] FrameworkServlet 'dispatcherServlet': initialization completed in 53 ms
2021-07-27 13:15:29,469 ERROR com.n26.service.TransactionServiceImpl [http-nio-8080-exec-1] Error while Date foramating Text 'string' could not be parsed at index 0
2021-07-27 13:15:33,777 ERROR com.n26.service.TransactionServiceImpl [http-nio-8080-exec-2] Error while Date foramating Text 'string' could not be parsed at index 0
2021-07-27 13:15:44,661 ERROR com.n26.service.TransactionServiceImpl [http-nio-8080-exec-3] Transaction timestamp should not be before 60 seconds of current time
2021-07-27 13:18:11,274 ERROR com.n26.service.TransactionServiceImpl [http-nio-8080-exec-7] Error while Date foramating Text '2021-07-27T07:47:70.391Z' could not be parsed: Invalid value for SecondOfMinute (valid values 0 - 59): 70
